2019-03-16 18:46:34,789 [Worker-2: Loading available Gradle versions] INFO  o.e.b.c.i.u.g.PublishedGradleVersions - Gradle version information cache is up-to-date. Trying to read.
2019-03-16 19:21:02,165 [Worker-10: Building workspace] INFO  o.e.m.c.i.l.LifecycleMappingFactory - Using org.eclipse.m2e.jdt.JarLifecycleMapping lifecycle mapping for MavenProject: ubco.cosc322:team-00:1.0 @ C:\Users\Ben\eclipse-workspace\322_project\game-client-team-00\team-00\pom.xml.
2019-03-16 19:21:34,355 [Worker-10: Building workspace] WARN  o.e.m.c.i.embedder.EclipseLogger - Using platform encoding (Cp1252 actually) to copy filtered resources, i.e. build is platform dependent!
2019-03-16 19:21:34,369 [Worker-10: Building workspace] INFO  o.e.m.c.i.embedder.EclipseLogger - skip non existing resourceDirectory C:\Users\Ben\eclipse-workspace\322_project\game-client-team-00\team-00\src\main\resources
2019-03-16 19:21:34,548 [Worker-10: Building workspace] WARN  o.e.m.c.i.embedder.EclipseLogger - Using platform encoding (Cp1252 actually) to copy filtered resources, i.e. build is platform dependent!
2019-03-16 19:21:34,551 [Worker-10: Building workspace] INFO  o.e.m.c.i.embedder.EclipseLogger - skip non existing resourceDirectory C:\Users\Ben\eclipse-workspace\322_project\game-client-team-00\team-00\src\test\resources
2019-03-16 19:21:42,077 [Worker-6: Building workspace] WARN  o.e.m.c.i.embedder.EclipseLogger - Using platform encoding (Cp1252 actually) to copy filtered resources, i.e. build is platform dependent!
2019-03-16 19:21:42,081 [Worker-6: Building workspace] INFO  o.e.m.c.i.embedder.EclipseLogger - skip non existing resourceDirectory C:\Users\Ben\eclipse-workspace\322_project\game-client-team-00\team-00\src\main\resources
2019-03-16 19:21:42,087 [Worker-6: Building workspace] WARN  o.e.m.c.i.embedder.EclipseLogger - Using platform encoding (Cp1252 actually) to copy filtered resources, i.e. build is platform dependent!
2019-03-16 19:21:42,089 [Worker-6: Building workspace] INFO  o.e.m.c.i.embedder.EclipseLogger - skip non existing resourceDirectory C:\Users\Ben\eclipse-workspace\322_project\game-client-team-00\team-00\src\test\resources
2019-03-16 19:21:43,401 [Worker-3: Building workspace] WARN  o.e.m.c.i.embedder.EclipseLogger - Using platform encoding (Cp1252 actually) to copy filtered resources, i.e. build is platform dependent!
2019-03-16 19:21:43,404 [Worker-3: Building workspace] INFO  o.e.m.c.i.embedder.EclipseLogger - skip non existing resourceDirectory C:\Users\Ben\eclipse-workspace\322_project\game-client-team-00\team-00\src\main\resources
2019-03-16 19:21:43,409 [Worker-3: Building workspace] WARN  o.e.m.c.i.embedder.EclipseLogger - Using platform encoding (Cp1252 actually) to copy filtered resources, i.e. build is platform dependent!
2019-03-16 19:21:43,412 [Worker-3: Building workspace] INFO  o.e.m.c.i.embedder.EclipseLogger - skip non existing resourceDirectory C:\Users\Ben\eclipse-workspace\322_project\game-client-team-00\team-00\src\test\resources
2019-03-17 20:34:37,844 [Worker-31: Building workspace] WARN  o.e.m.c.i.embedder.EclipseLogger - Using platform encoding (Cp1252 actually) to copy filtered resources, i.e. build is platform dependent!
2019-03-17 20:34:37,960 [Worker-31: Building workspace] INFO  o.e.m.c.i.embedder.EclipseLogger - skip non existing resourceDirectory C:\Users\Ben\eclipse-workspace\322_project\game-client-team-00\team-00\src\main\resources
2019-03-17 20:34:37,975 [Worker-31: Building workspace] WARN  o.e.m.c.i.embedder.EclipseLogger - Using platform encoding (Cp1252 actually) to copy filtered resources, i.e. build is platform dependent!
2019-03-17 20:34:37,975 [Worker-31: Building workspace] INFO  o.e.m.c.i.embedder.EclipseLogger - skip non existing resourceDirectory C:\Users\Ben\eclipse-workspace\322_project\game-client-team-00\team-00\src\test\resources
2019-03-17 20:34:39,343 [Worker-33: Building workspace] WARN  o.e.m.c.i.embedder.EclipseLogger - Using platform encoding (Cp1252 actually) to copy filtered resources, i.e. build is platform dependent!
2019-03-17 20:34:39,343 [Worker-33: Building workspace] INFO  o.e.m.c.i.embedder.EclipseLogger - skip non existing resourceDirectory C:\Users\Ben\eclipse-workspace\322_project\game-client-team-00\team-00\src\main\resources
2019-03-17 20:34:39,359 [Worker-33: Building workspace] WARN  o.e.m.c.i.embedder.EclipseLogger - Using platform encoding (Cp1252 actually) to copy filtered resources, i.e. build is platform dependent!
2019-03-17 20:34:39,359 [Worker-33: Building workspace] INFO  o.e.m.c.i.embedder.EclipseLogger - skip non existing resourceDirectory C:\Users\Ben\eclipse-workspace\322_project\game-client-team-00\team-00\src\test\resources
2019-03-17 20:50:28,654 [Worker-18: Building workspace] WARN  o.e.m.c.i.embedder.EclipseLogger - Using platform encoding (Cp1252 actually) to copy filtered resources, i.e. build is platform dependent!
2019-03-17 20:50:28,654 [Worker-18: Building workspace] INFO  o.e.m.c.i.embedder.EclipseLogger - skip non existing resourceDirectory C:\Users\Ben\eclipse-workspace\322_project\game-client-team-00\team-00\src\main\resources
2019-03-17 20:50:28,654 [Worker-18: Building workspace] WARN  o.e.m.c.i.embedder.EclipseLogger - Using platform encoding (Cp1252 actually) to copy filtered resources, i.e. build is platform dependent!
2019-03-17 20:50:28,669 [Worker-18: Building workspace] INFO  o.e.m.c.i.embedder.EclipseLogger - skip non existing resourceDirectory C:\Users\Ben\eclipse-workspace\322_project\game-client-team-00\team-00\src\test\resources
2019-03-19 09:40:03,922 [Worker-3: Building workspace] WARN  o.e.m.c.i.embedder.EclipseLogger - Using platform encoding (Cp1252 actually) to copy filtered resources, i.e. build is platform dependent!
2019-03-19 09:40:03,969 [Worker-3: Building workspace] INFO  o.e.m.c.i.embedder.EclipseLogger - skip non existing resourceDirectory C:\Users\Ben\eclipse-workspace\322_project\game-client-team-00\team-00\src\main\resources
2019-03-19 09:40:03,969 [Worker-3: Building workspace] WARN  o.e.m.c.i.embedder.EclipseLogger - Using platform encoding (Cp1252 actually) to copy filtered resources, i.e. build is platform dependent!
2019-03-19 09:40:03,969 [Worker-3: Building workspace] INFO  o.e.m.c.i.embedder.EclipseLogger - skip non existing resourceDirectory C:\Users\Ben\eclipse-workspace\322_project\game-client-team-00\team-00\src\test\resources
2019-03-19 09:40:05,131 [Worker-9: Building workspace] WARN  o.e.m.c.i.embedder.EclipseLogger - Using platform encoding (Cp1252 actually) to copy filtered resources, i.e. build is platform dependent!
2019-03-19 09:40:05,131 [Worker-9: Building workspace] INFO  o.e.m.c.i.embedder.EclipseLogger - skip non existing resourceDirectory C:\Users\Ben\eclipse-workspace\322_project\game-client-team-00\team-00\src\main\resources
2019-03-19 09:40:05,147 [Worker-9: Building workspace] WARN  o.e.m.c.i.embedder.EclipseLogger - Using platform encoding (Cp1252 actually) to copy filtered resources, i.e. build is platform dependent!
2019-03-19 09:40:05,147 [Worker-9: Building workspace] INFO  o.e.m.c.i.embedder.EclipseLogger - skip non existing resourceDirectory C:\Users\Ben\eclipse-workspace\322_project\game-client-team-00\team-00\src\test\resources
2019-03-19 09:43:19,525 [Worker-9: Loading available Gradle versions] INFO  o.e.b.c.i.u.g.PublishedGradleVersions - Gradle version information cache is out-of-date. Trying to update.
2019-03-19 09:43:23,295 [Worker-9: Launching Amazons] WARN  o.e.m.c.i.embedder.EclipseLogger - Using platform encoding (Cp1252 actually) to copy filtered resources, i.e. build is platform dependent!
2019-03-19 09:43:23,295 [Worker-9: Launching Amazons] INFO  o.e.m.c.i.embedder.EclipseLogger - skip non existing resourceDirectory C:\Users\Ben\eclipse-workspace\322_project\game-client-team-00\team-00\src\main\resources
2019-03-19 09:43:23,311 [Worker-9: Launching Amazons] WARN  o.e.m.c.i.embedder.EclipseLogger - Using platform encoding (Cp1252 actually) to copy filtered resources, i.e. build is platform dependent!
2019-03-19 09:43:23,311 [Worker-9: Launching Amazons] INFO  o.e.m.c.i.embedder.EclipseLogger - skip non existing resourceDirectory C:\Users\Ben\eclipse-workspace\322_project\game-client-team-00\team-00\src\test\resources
2019-03-19 09:46:10,534 [Worker-9: Building workspace] WARN  o.e.m.c.i.embedder.EclipseLogger - Using platform encoding (Cp1252 actually) to copy filtered resources, i.e. build is platform dependent!
2019-03-19 09:46:10,596 [Worker-9: Building workspace] INFO  o.e.m.c.i.embedder.EclipseLogger - skip non existing resourceDirectory C:\Users\Ben\eclipse-workspace\322_project\game-client-team-00\team-00\src\main\resources
2019-03-19 09:46:10,612 [Worker-9: Building workspace] WARN  o.e.m.c.i.embedder.EclipseLogger - Using platform encoding (Cp1252 actually) to copy filtered resources, i.e. build is platform dependent!
2019-03-19 09:46:10,628 [Worker-9: Building workspace] INFO  o.e.m.c.i.embedder.EclipseLogger - skip non existing resourceDirectory C:\Users\Ben\eclipse-workspace\322_project\game-client-team-00\team-00\src\test\resources
2019-03-19 09:48:51,566 [Worker-13: Launching Amazons] WARN  o.e.m.c.i.embedder.EclipseLogger - Using platform encoding (Cp1252 actually) to copy filtered resources, i.e. build is platform dependent!
2019-03-19 09:48:51,581 [Worker-13: Launching Amazons] INFO  o.e.m.c.i.embedder.EclipseLogger - skip non existing resourceDirectory C:\Users\Ben\eclipse-workspace\322_project\game-client-team-00\team-00\src\main\resources
2019-03-19 09:48:51,581 [Worker-13: Launching Amazons] WARN  o.e.m.c.i.embedder.EclipseLogger - Using platform encoding (Cp1252 actually) to copy filtered resources, i.e. build is platform dependent!
2019-03-19 09:48:51,581 [Worker-13: Launching Amazons] INFO  o.e.m.c.i.embedder.EclipseLogger - skip non existing resourceDirectory C:\Users\Ben\eclipse-workspace\322_project\game-client-team-00\team-00\src\test\resources
2019-03-19 09:57:12,821 [Worker-9: Building workspace] WARN  o.e.m.c.i.embedder.EclipseLogger - Using platform encoding (Cp1252 actually) to copy filtered resources, i.e. build is platform dependent!
2019-03-19 09:57:12,884 [Worker-9: Building workspace] INFO  o.e.m.c.i.embedder.EclipseLogger - skip non existing resourceDirectory C:\Users\Ben\eclipse-workspace\322_project\game-client-team-00\team-00\src\main\resources
2019-03-19 09:57:12,884 [Worker-9: Building workspace] WARN  o.e.m.c.i.embedder.EclipseLogger - Using platform encoding (Cp1252 actually) to copy filtered resources, i.e. build is platform dependent!
2019-03-19 09:57:12,884 [Worker-9: Building workspace] INFO  o.e.m.c.i.embedder.EclipseLogger - skip non existing resourceDirectory C:\Users\Ben\eclipse-workspace\322_project\game-client-team-00\team-00\src\test\resources
2019-03-19 09:58:58,253 [Worker-18: Launching Amazons] WARN  o.e.m.c.i.embedder.EclipseLogger - Using platform encoding (Cp1252 actually) to copy filtered resources, i.e. build is platform dependent!
2019-03-19 09:58:58,253 [Worker-18: Launching Amazons] INFO  o.e.m.c.i.embedder.EclipseLogger - skip non existing resourceDirectory C:\Users\Ben\eclipse-workspace\322_project\game-client-team-00\team-00\src\main\resources
2019-03-19 09:58:58,253 [Worker-18: Launching Amazons] WARN  o.e.m.c.i.embedder.EclipseLogger - Using platform encoding (Cp1252 actually) to copy filtered resources, i.e. build is platform dependent!
2019-03-19 09:58:58,253 [Worker-18: Launching Amazons] INFO  o.e.m.c.i.embedder.EclipseLogger - skip non existing resourceDirectory C:\Users\Ben\eclipse-workspace\322_project\game-client-team-00\team-00\src\test\resources
2019-03-19 10:01:13,952 [Worker-17: Building workspace] WARN  o.e.m.c.i.embedder.EclipseLogger - Using platform encoding (Cp1252 actually) to copy filtered resources, i.e. build is platform dependent!
2019-03-19 10:01:13,952 [Worker-17: Building workspace] INFO  o.e.m.c.i.embedder.EclipseLogger - skip non existing resourceDirectory C:\Users\Ben\eclipse-workspace\322_project\game-client-team-00\team-00\src\main\resources
2019-03-19 10:01:13,952 [Worker-17: Building workspace] WARN  o.e.m.c.i.embedder.EclipseLogger - Using platform encoding (Cp1252 actually) to copy filtered resources, i.e. build is platform dependent!
2019-03-19 10:01:13,968 [Worker-17: Building workspace] INFO  o.e.m.c.i.embedder.EclipseLogger - skip non existing resourceDirectory C:\Users\Ben\eclipse-workspace\322_project\game-client-team-00\team-00\src\test\resources
2019-03-19 10:09:20,478 [Worker-22: Launching Amazons] WARN  o.e.m.c.i.embedder.EclipseLogger - Using platform encoding (Cp1252 actually) to copy filtered resources, i.e. build is platform dependent!
2019-03-19 10:09:20,494 [Worker-22: Launching Amazons] INFO  o.e.m.c.i.embedder.EclipseLogger - skip non existing resourceDirectory C:\Users\Ben\eclipse-workspace\322_project\game-client-team-00\team-00\src\main\resources
2019-03-19 10:09:20,494 [Worker-22: Launching Amazons] WARN  o.e.m.c.i.embedder.EclipseLogger - Using platform encoding (Cp1252 actually) to copy filtered resources, i.e. build is platform dependent!
2019-03-19 10:09:20,494 [Worker-22: Launching Amazons] INFO  o.e.m.c.i.embedder.EclipseLogger - skip non existing resourceDirectory C:\Users\Ben\eclipse-workspace\322_project\game-client-team-00\team-00\src\test\resources
2019-03-19 10:11:49,026 [Worker-20: Launching Amazons] WARN  o.e.m.c.i.embedder.EclipseLogger - Using platform encoding (Cp1252 actually) to copy filtered resources, i.e. build is platform dependent!
2019-03-19 10:11:49,026 [Worker-20: Launching Amazons] INFO  o.e.m.c.i.embedder.EclipseLogger - skip non existing resourceDirectory C:\Users\Ben\eclipse-workspace\322_project\game-client-team-00\team-00\src\main\resources
2019-03-19 10:11:49,042 [Worker-20: Launching Amazons] WARN  o.e.m.c.i.embedder.EclipseLogger - Using platform encoding (Cp1252 actually) to copy filtered resources, i.e. build is platform dependent!
2019-03-19 10:11:49,042 [Worker-20: Launching Amazons] INFO  o.e.m.c.i.embedder.EclipseLogger - skip non existing resourceDirectory C:\Users\Ben\eclipse-workspace\322_project\game-client-team-00\team-00\src\test\resources
2019-03-19 10:12:54,251 [Worker-9: Launching Amazons] WARN  o.e.m.c.i.embedder.EclipseLogger - Using platform encoding (Cp1252 actually) to copy filtered resources, i.e. build is platform dependent!
2019-03-19 10:12:54,266 [Worker-9: Launching Amazons] INFO  o.e.m.c.i.embedder.EclipseLogger - skip non existing resourceDirectory C:\Users\Ben\eclipse-workspace\322_project\game-client-team-00\team-00\src\main\resources
2019-03-19 10:12:54,266 [Worker-9: Launching Amazons] WARN  o.e.m.c.i.embedder.EclipseLogger - Using platform encoding (Cp1252 actually) to copy filtered resources, i.e. build is platform dependent!
2019-03-19 10:12:54,266 [Worker-9: Launching Amazons] INFO  o.e.m.c.i.embedder.EclipseLogger - skip non existing resourceDirectory C:\Users\Ben\eclipse-workspace\322_project\game-client-team-00\team-00\src\test\resources
2019-03-19 10:14:45,686 [Worker-23: Launching Amazons] WARN  o.e.m.c.i.embedder.EclipseLogger - Using platform encoding (Cp1252 actually) to copy filtered resources, i.e. build is platform dependent!
2019-03-19 10:14:45,686 [Worker-23: Launching Amazons] INFO  o.e.m.c.i.embedder.EclipseLogger - skip non existing resourceDirectory C:\Users\Ben\eclipse-workspace\322_project\game-client-team-00\team-00\src\main\resources
2019-03-19 10:14:45,686 [Worker-23: Launching Amazons] WARN  o.e.m.c.i.embedder.EclipseLogger - Using platform encoding (Cp1252 actually) to copy filtered resources, i.e. build is platform dependent!
2019-03-19 10:14:45,686 [Worker-23: Launching Amazons] INFO  o.e.m.c.i.embedder.EclipseLogger - skip non existing resourceDirectory C:\Users\Ben\eclipse-workspace\322_project\game-client-team-00\team-00\src\test\resources
2019-03-19 10:18:13,977 [Worker-23: Launching Amazons] WARN  o.e.m.c.i.embedder.EclipseLogger - Using platform encoding (Cp1252 actually) to copy filtered resources, i.e. build is platform dependent!
2019-03-19 10:18:13,993 [Worker-23: Launching Amazons] INFO  o.e.m.c.i.embedder.EclipseLogger - skip non existing resourceDirectory C:\Users\Ben\eclipse-workspace\322_project\game-client-team-00\team-00\src\main\resources
2019-03-19 10:18:13,993 [Worker-23: Launching Amazons] WARN  o.e.m.c.i.embedder.EclipseLogger - Using platform encoding (Cp1252 actually) to copy filtered resources, i.e. build is platform dependent!
2019-03-19 10:18:13,993 [Worker-23: Launching Amazons] INFO  o.e.m.c.i.embedder.EclipseLogger - skip non existing resourceDirectory C:\Users\Ben\eclipse-workspace\322_project\game-client-team-00\team-00\src\test\resources
2019-03-19 10:21:52,892 [Worker-19: Launching Amazons] WARN  o.e.m.c.i.embedder.EclipseLogger - Using platform encoding (Cp1252 actually) to copy filtered resources, i.e. build is platform dependent!
2019-03-19 10:21:52,892 [Worker-19: Launching Amazons] INFO  o.e.m.c.i.embedder.EclipseLogger - skip non existing resourceDirectory C:\Users\Ben\eclipse-workspace\322_project\game-client-team-00\team-00\src\main\resources
2019-03-19 10:21:52,892 [Worker-19: Launching Amazons] WARN  o.e.m.c.i.embedder.EclipseLogger - Using platform encoding (Cp1252 actually) to copy filtered resources, i.e. build is platform dependent!
2019-03-19 10:21:52,892 [Worker-19: Launching Amazons] INFO  o.e.m.c.i.embedder.EclipseLogger - skip non existing resourceDirectory C:\Users\Ben\eclipse-workspace\322_project\game-client-team-00\team-00\src\test\resources
2019-03-19 10:25:33,935 [Worker-22: Launching Amazons] WARN  o.e.m.c.i.embedder.EclipseLogger - Using platform encoding (Cp1252 actually) to copy filtered resources, i.e. build is platform dependent!
2019-03-19 10:25:33,935 [Worker-22: Launching Amazons] INFO  o.e.m.c.i.embedder.EclipseLogger - skip non existing resourceDirectory C:\Users\Ben\eclipse-workspace\322_project\game-client-team-00\team-00\src\main\resources
2019-03-19 10:25:33,935 [Worker-22: Launching Amazons] WARN  o.e.m.c.i.embedder.EclipseLogger - Using platform encoding (Cp1252 actually) to copy filtered resources, i.e. build is platform dependent!
2019-03-19 10:25:33,935 [Worker-22: Launching Amazons] INFO  o.e.m.c.i.embedder.EclipseLogger - skip non existing resourceDirectory C:\Users\Ben\eclipse-workspace\322_project\game-client-team-00\team-00\src\test\resources
2019-03-19 10:27:47,599 [Worker-22: Launching Amazons] WARN  o.e.m.c.i.embedder.EclipseLogger - Using platform encoding (Cp1252 actually) to copy filtered resources, i.e. build is platform dependent!
2019-03-19 10:27:47,610 [Worker-22: Launching Amazons] INFO  o.e.m.c.i.embedder.EclipseLogger - skip non existing resourceDirectory C:\Users\Ben\eclipse-workspace\322_project\game-client-team-00\team-00\src\main\resources
2019-03-19 10:27:47,616 [Worker-22: Launching Amazons] WARN  o.e.m.c.i.embedder.EclipseLogger - Using platform encoding (Cp1252 actually) to copy filtered resources, i.e. build is platform dependent!
2019-03-19 10:27:47,619 [Worker-22: Launching Amazons] INFO  o.e.m.c.i.embedder.EclipseLogger - skip non existing resourceDirectory C:\Users\Ben\eclipse-workspace\322_project\game-client-team-00\team-00\src\test\resources
2019-03-19 10:33:15,515 [Worker-27: Launching Amazons] WARN  o.e.m.c.i.embedder.EclipseLogger - Using platform encoding (Cp1252 actually) to copy filtered resources, i.e. build is platform dependent!
2019-03-19 10:33:15,519 [Worker-27: Launching Amazons] INFO  o.e.m.c.i.embedder.EclipseLogger - skip non existing resourceDirectory C:\Users\Ben\eclipse-workspace\322_project\game-client-team-00\team-00\src\main\resources
2019-03-19 10:33:15,523 [Worker-27: Launching Amazons] WARN  o.e.m.c.i.embedder.EclipseLogger - Using platform encoding (Cp1252 actually) to copy filtered resources, i.e. build is platform dependent!
2019-03-19 10:33:15,527 [Worker-27: Launching Amazons] INFO  o.e.m.c.i.embedder.EclipseLogger - skip non existing resourceDirectory C:\Users\Ben\eclipse-workspace\322_project\game-client-team-00\team-00\src\test\resources
2019-03-19 10:35:39,254 [Worker-26: Launching Amazons] WARN  o.e.m.c.i.embedder.EclipseLogger - Using platform encoding (Cp1252 actually) to copy filtered resources, i.e. build is platform dependent!
2019-03-19 10:35:39,254 [Worker-26: Launching Amazons] INFO  o.e.m.c.i.embedder.EclipseLogger - skip non existing resourceDirectory C:\Users\Ben\eclipse-workspace\322_project\game-client-team-00\team-00\src\main\resources
2019-03-19 10:35:39,254 [Worker-26: Launching Amazons] WARN  o.e.m.c.i.embedder.EclipseLogger - Using platform encoding (Cp1252 actually) to copy filtered resources, i.e. build is platform dependent!
2019-03-19 10:35:39,254 [Worker-26: Launching Amazons] INFO  o.e.m.c.i.embedder.EclipseLogger - skip non existing resourceDirectory C:\Users\Ben\eclipse-workspace\322_project\game-client-team-00\team-00\src\test\resources
2019-03-19 10:36:13,071 [Worker-20: Launching Amazons] WARN  o.e.m.c.i.embedder.EclipseLogger - Using platform encoding (Cp1252 actually) to copy filtered resources, i.e. build is platform dependent!
2019-03-19 10:36:13,071 [Worker-20: Launching Amazons] INFO  o.e.m.c.i.embedder.EclipseLogger - skip non existing resourceDirectory C:\Users\Ben\eclipse-workspace\322_project\game-client-team-00\team-00\src\main\resources
2019-03-19 10:36:13,071 [Worker-20: Launching Amazons] WARN  o.e.m.c.i.embedder.EclipseLogger - Using platform encoding (Cp1252 actually) to copy filtered resources, i.e. build is platform dependent!
2019-03-19 10:36:13,071 [Worker-20: Launching Amazons] INFO  o.e.m.c.i.embedder.EclipseLogger - skip non existing resourceDirectory C:\Users\Ben\eclipse-workspace\322_project\game-client-team-00\team-00\src\test\resources
2019-03-19 10:51:16,623 [Worker-28: Launching Amazons] WARN  o.e.m.c.i.embedder.EclipseLogger - Using platform encoding (Cp1252 actually) to copy filtered resources, i.e. build is platform dependent!
2019-03-19 10:51:16,684 [Worker-28: Launching Amazons] INFO  o.e.m.c.i.embedder.EclipseLogger - skip non existing resourceDirectory C:\Users\Ben\eclipse-workspace\322_project\game-client-team-00\team-00\src\main\resources
2019-03-19 10:51:16,688 [Worker-28: Launching Amazons] WARN  o.e.m.c.i.embedder.EclipseLogger - Using platform encoding (Cp1252 actually) to copy filtered resources, i.e. build is platform dependent!
2019-03-19 10:51:16,707 [Worker-28: Launching Amazons] INFO  o.e.m.c.i.embedder.EclipseLogger - skip non existing resourceDirectory C:\Users\Ben\eclipse-workspace\322_project\game-client-team-00\team-00\src\test\resources
2019-03-19 10:52:10,490 [Worker-34: Launching Amazons] WARN  o.e.m.c.i.embedder.EclipseLogger - Using platform encoding (Cp1252 actually) to copy filtered resources, i.e. build is platform dependent!
2019-03-19 10:52:10,490 [Worker-34: Launching Amazons] INFO  o.e.m.c.i.embedder.EclipseLogger - skip non existing resourceDirectory C:\Users\Ben\eclipse-workspace\322_project\game-client-team-00\team-00\src\main\resources
2019-03-19 10:52:10,505 [Worker-34: Launching Amazons] WARN  o.e.m.c.i.embedder.EclipseLogger - Using platform encoding (Cp1252 actually) to copy filtered resources, i.e. build is platform dependent!
2019-03-19 10:52:10,505 [Worker-34: Launching Amazons] INFO  o.e.m.c.i.embedder.EclipseLogger - skip non existing resourceDirectory C:\Users\Ben\eclipse-workspace\322_project\game-client-team-00\team-00\src\test\resources
2019-03-19 10:59:03,177 [Worker-36: Building workspace] WARN  o.e.m.c.i.embedder.EclipseLogger - Using platform encoding (Cp1252 actually) to copy filtered resources, i.e. build is platform dependent!
2019-03-19 10:59:03,180 [Worker-36: Building workspace] INFO  o.e.m.c.i.embedder.EclipseLogger - skip non existing resourceDirectory C:\Users\Ben\eclipse-workspace\322_project\game-client-team-00\team-00\src\main\resources
2019-03-19 10:59:03,183 [Worker-36: Building workspace] WARN  o.e.m.c.i.embedder.EclipseLogger - Using platform encoding (Cp1252 actually) to copy filtered resources, i.e. build is platform dependent!
2019-03-19 10:59:03,185 [Worker-36: Building workspace] INFO  o.e.m.c.i.embedder.EclipseLogger - skip non existing resourceDirectory C:\Users\Ben\eclipse-workspace\322_project\game-client-team-00\team-00\src\test\resources
2019-03-19 11:00:09,819 [Worker-38: Launching Amazons] WARN  o.e.m.c.i.embedder.EclipseLogger - Using platform encoding (Cp1252 actually) to copy filtered resources, i.e. build is platform dependent!
2019-03-19 11:00:09,823 [Worker-38: Launching Amazons] INFO  o.e.m.c.i.embedder.EclipseLogger - skip non existing resourceDirectory C:\Users\Ben\eclipse-workspace\322_project\game-client-team-00\team-00\src\main\resources
2019-03-19 11:00:09,826 [Worker-38: Launching Amazons] WARN  o.e.m.c.i.embedder.EclipseLogger - Using platform encoding (Cp1252 actually) to copy filtered resources, i.e. build is platform dependent!
2019-03-19 11:00:09,830 [Worker-38: Launching Amazons] INFO  o.e.m.c.i.embedder.EclipseLogger - skip non existing resourceDirectory C:\Users\Ben\eclipse-workspace\322_project\game-client-team-00\team-00\src\test\resources
2019-03-19 11:11:46,949 [Worker-28: Launching Amazons] WARN  o.e.m.c.i.embedder.EclipseLogger - Using platform encoding (Cp1252 actually) to copy filtered resources, i.e. build is platform dependent!
2019-03-19 11:11:46,949 [Worker-28: Launching Amazons] INFO  o.e.m.c.i.embedder.EclipseLogger - skip non existing resourceDirectory C:\Users\Ben\eclipse-workspace\322_project\game-client-team-00\team-00\src\main\resources
2019-03-19 11:11:46,949 [Worker-28: Launching Amazons] WARN  o.e.m.c.i.embedder.EclipseLogger - Using platform encoding (Cp1252 actually) to copy filtered resources, i.e. build is platform dependent!
2019-03-19 11:11:46,965 [Worker-28: Launching Amazons] INFO  o.e.m.c.i.embedder.EclipseLogger - skip non existing resourceDirectory C:\Users\Ben\eclipse-workspace\322_project\game-client-team-00\team-00\src\test\resources
2019-03-19 11:13:46,549 [Worker-40: Launching Amazons] WARN  o.e.m.c.i.embedder.EclipseLogger - Using platform encoding (Cp1252 actually) to copy filtered resources, i.e. build is platform dependent!
2019-03-19 11:13:46,549 [Worker-40: Launching Amazons] INFO  o.e.m.c.i.embedder.EclipseLogger - skip non existing resourceDirectory C:\Users\Ben\eclipse-workspace\322_project\game-client-team-00\team-00\src\main\resources
2019-03-19 11:13:46,549 [Worker-40: Launching Amazons] WARN  o.e.m.c.i.embedder.EclipseLogger - Using platform encoding (Cp1252 actually) to copy filtered resources, i.e. build is platform dependent!
2019-03-19 11:13:46,549 [Worker-40: Launching Amazons] INFO  o.e.m.c.i.embedder.EclipseLogger - skip non existing resourceDirectory C:\Users\Ben\eclipse-workspace\322_project\game-client-team-00\team-00\src\test\resources
2019-03-19 11:14:46,430 [Worker-42: Launching Amazons] WARN  o.e.m.c.i.embedder.EclipseLogger - Using platform encoding (Cp1252 actually) to copy filtered resources, i.e. build is platform dependent!
2019-03-19 11:14:46,446 [Worker-42: Launching Amazons] INFO  o.e.m.c.i.embedder.EclipseLogger - skip non existing resourceDirectory C:\Users\Ben\eclipse-workspace\322_project\game-client-team-00\team-00\src\main\resources
2019-03-19 11:14:46,446 [Worker-42: Launching Amazons] WARN  o.e.m.c.i.embedder.EclipseLogger - Using platform encoding (Cp1252 actually) to copy filtered resources, i.e. build is platform dependent!
2019-03-19 11:14:46,446 [Worker-42: Launching Amazons] INFO  o.e.m.c.i.embedder.EclipseLogger - skip non existing resourceDirectory C:\Users\Ben\eclipse-workspace\322_project\game-client-team-00\team-00\src\test\resources
2019-03-19 11:28:44,065 [Worker-28: Launching Amazons] WARN  o.e.m.c.i.embedder.EclipseLogger - Using platform encoding (Cp1252 actually) to copy filtered resources, i.e. build is platform dependent!
2019-03-19 11:28:44,065 [Worker-28: Launching Amazons] INFO  o.e.m.c.i.embedder.EclipseLogger - skip non existing resourceDirectory C:\Users\Ben\eclipse-workspace\322_project\game-client-team-00\team-00\src\main\resources
2019-03-19 11:28:44,065 [Worker-28: Launching Amazons] WARN  o.e.m.c.i.embedder.EclipseLogger - Using platform encoding (Cp1252 actually) to copy filtered resources, i.e. build is platform dependent!
2019-03-19 11:28:44,065 [Worker-28: Launching Amazons] INFO  o.e.m.c.i.embedder.EclipseLogger - skip non existing resourceDirectory C:\Users\Ben\eclipse-workspace\322_project\game-client-team-00\team-00\src\test\resources
2019-03-19 11:41:28,878 [Worker-46: Launching Amazons] WARN  o.e.m.c.i.embedder.EclipseLogger - Using platform encoding (Cp1252 actually) to copy filtered resources, i.e. build is platform dependent!
2019-03-19 11:41:28,878 [Worker-46: Launching Amazons] INFO  o.e.m.c.i.embedder.EclipseLogger - skip non existing resourceDirectory C:\Users\Ben\eclipse-workspace\322_project\game-client-team-00\team-00\src\main\resources
2019-03-19 11:41:28,878 [Worker-46: Launching Amazons] WARN  o.e.m.c.i.embedder.EclipseLogger - Using platform encoding (Cp1252 actually) to copy filtered resources, i.e. build is platform dependent!
2019-03-19 11:41:28,878 [Worker-46: Launching Amazons] INFO  o.e.m.c.i.embedder.EclipseLogger - skip non existing resourceDirectory C:\Users\Ben\eclipse-workspace\322_project\game-client-team-00\team-00\src\test\resources
2019-03-19 11:42:17,080 [Worker-53: Launching Amazons] WARN  o.e.m.c.i.embedder.EclipseLogger - Using platform encoding (Cp1252 actually) to copy filtered resources, i.e. build is platform dependent!
2019-03-19 11:42:17,095 [Worker-53: Launching Amazons] INFO  o.e.m.c.i.embedder.EclipseLogger - skip non existing resourceDirectory C:\Users\Ben\eclipse-workspace\322_project\game-client-team-00\team-00\src\main\resources
2019-03-19 11:42:17,095 [Worker-53: Launching Amazons] WARN  o.e.m.c.i.embedder.EclipseLogger - Using platform encoding (Cp1252 actually) to copy filtered resources, i.e. build is platform dependent!
2019-03-19 11:42:17,095 [Worker-53: Launching Amazons] INFO  o.e.m.c.i.embedder.EclipseLogger - skip non existing resourceDirectory C:\Users\Ben\eclipse-workspace\322_project\game-client-team-00\team-00\src\test\resources
2019-03-19 11:46:37,001 [Worker-50: Launching Amazons] WARN  o.e.m.c.i.embedder.EclipseLogger - Using platform encoding (Cp1252 actually) to copy filtered resources, i.e. build is platform dependent!
2019-03-19 11:46:37,001 [Worker-50: Launching Amazons] INFO  o.e.m.c.i.embedder.EclipseLogger - skip non existing resourceDirectory C:\Users\Ben\eclipse-workspace\322_project\game-client-team-00\team-00\src\main\resources
2019-03-19 11:46:37,017 [Worker-50: Launching Amazons] WARN  o.e.m.c.i.embedder.EclipseLogger - Using platform encoding (Cp1252 actually) to copy filtered resources, i.e. build is platform dependent!
2019-03-19 11:46:37,017 [Worker-50: Launching Amazons] INFO  o.e.m.c.i.embedder.EclipseLogger - skip non existing resourceDirectory C:\Users\Ben\eclipse-workspace\322_project\game-client-team-00\team-00\src\test\resources
2019-03-19 11:46:56,190 [Worker-55: Launching Amazons] WARN  o.e.m.c.i.embedder.EclipseLogger - Using platform encoding (Cp1252 actually) to copy filtered resources, i.e. build is platform dependent!
2019-03-19 11:46:56,205 [Worker-55: Launching Amazons] INFO  o.e.m.c.i.embedder.EclipseLogger - skip non existing resourceDirectory C:\Users\Ben\eclipse-workspace\322_project\game-client-team-00\team-00\src\main\resources
2019-03-19 11:46:56,205 [Worker-55: Launching Amazons] WARN  o.e.m.c.i.embedder.EclipseLogger - Using platform encoding (Cp1252 actually) to copy filtered resources, i.e. build is platform dependent!
2019-03-19 11:46:56,205 [Worker-55: Launching Amazons] INFO  o.e.m.c.i.embedder.EclipseLogger - skip non existing resourceDirectory C:\Users\Ben\eclipse-workspace\322_project\game-client-team-00\team-00\src\test\resources
2019-03-19 11:56:40,186 [Worker-60: Building workspace] WARN  o.e.m.c.i.embedder.EclipseLogger - Using platform encoding (Cp1252 actually) to copy filtered resources, i.e. build is platform dependent!
2019-03-19 11:56:40,186 [Worker-60: Building workspace] INFO  o.e.m.c.i.embedder.EclipseLogger - skip non existing resourceDirectory C:\Users\Ben\eclipse-workspace\322_project\game-client-team-00\team-00\src\main\resources
2019-03-19 11:56:40,186 [Worker-60: Building workspace] WARN  o.e.m.c.i.embedder.EclipseLogger - Using platform encoding (Cp1252 actually) to copy filtered resources, i.e. build is platform dependent!
2019-03-19 11:56:40,186 [Worker-60: Building workspace] INFO  o.e.m.c.i.embedder.EclipseLogger - skip non existing resourceDirectory C:\Users\Ben\eclipse-workspace\322_project\game-client-team-00\team-00\src\test\resources
2019-03-19 22:13:44,493 [Worker-117: Launching Amazons] WARN  o.e.m.c.i.embedder.EclipseLogger - Using platform encoding (Cp1252 actually) to copy filtered resources, i.e. build is platform dependent!
2019-03-19 22:13:44,602 [Worker-117: Launching Amazons] INFO  o.e.m.c.i.embedder.EclipseLogger - skip non existing resourceDirectory C:\Users\Ben\eclipse-workspace\322_project\game-client-team-00\team-00\src\main\resources
2019-03-19 22:13:44,602 [Worker-117: Launching Amazons] WARN  o.e.m.c.i.embedder.EclipseLogger - Using platform encoding (Cp1252 actually) to copy filtered resources, i.e. build is platform dependent!
2019-03-19 22:13:44,633 [Worker-117: Launching Amazons] INFO  o.e.m.c.i.embedder.EclipseLogger - skip non existing resourceDirectory C:\Users\Ben\eclipse-workspace\322_project\game-client-team-00\team-00\src\test\resources
2019-03-19 22:15:08,225 [Worker-119: Launching Amazons] WARN  o.e.m.c.i.embedder.EclipseLogger - Using platform encoding (Cp1252 actually) to copy filtered resources, i.e. build is platform dependent!
2019-03-19 22:15:08,241 [Worker-119: Launching Amazons] INFO  o.e.m.c.i.embedder.EclipseLogger - skip non existing resourceDirectory C:\Users\Ben\eclipse-workspace\322_project\game-client-team-00\team-00\src\main\resources
2019-03-19 22:15:08,241 [Worker-119: Launching Amazons] WARN  o.e.m.c.i.embedder.EclipseLogger - Using platform encoding (Cp1252 actually) to copy filtered resources, i.e. build is platform dependent!
2019-03-19 22:15:08,241 [Worker-119: Launching Amazons] INFO  o.e.m.c.i.embedder.EclipseLogger - skip non existing resourceDirectory C:\Users\Ben\eclipse-workspace\322_project\game-client-team-00\team-00\src\test\resources
2019-03-19 22:16:06,319 [Worker-115: Launching Amazons] WARN  o.e.m.c.i.embedder.EclipseLogger - Using platform encoding (Cp1252 actually) to copy filtered resources, i.e. build is platform dependent!
2019-03-19 22:16:06,319 [Worker-115: Launching Amazons] INFO  o.e.m.c.i.embedder.EclipseLogger - skip non existing resourceDirectory C:\Users\Ben\eclipse-workspace\322_project\game-client-team-00\team-00\src\main\resources
2019-03-19 22:16:06,334 [Worker-115: Launching Amazons] WARN  o.e.m.c.i.embedder.EclipseLogger - Using platform encoding (Cp1252 actually) to copy filtered resources, i.e. build is platform dependent!
2019-03-19 22:16:06,334 [Worker-115: Launching Amazons] INFO  o.e.m.c.i.embedder.EclipseLogger - skip non existing resourceDirectory C:\Users\Ben\eclipse-workspace\322_project\game-client-team-00\team-00\src\test\resources
2019-03-20 10:44:23,917 [Worker-114: Building workspace] WARN  o.e.m.c.i.embedder.EclipseLogger - Using platform encoding (Cp1252 actually) to copy filtered resources, i.e. build is platform dependent!
2019-03-20 10:44:24,212 [Worker-114: Building workspace] INFO  o.e.m.c.i.embedder.EclipseLogger - skip non existing resourceDirectory C:\Users\Ben\eclipse-workspace\322_project\game-client-team-00\team-00\src\main\resources
2019-03-20 10:44:24,228 [Worker-114: Building workspace] WARN  o.e.m.c.i.embedder.EclipseLogger - Using platform encoding (Cp1252 actually) to copy filtered resources, i.e. build is platform dependent!
2019-03-20 10:44:24,228 [Worker-114: Building workspace] INFO  o.e.m.c.i.embedder.EclipseLogger - skip non existing resourceDirectory C:\Users\Ben\eclipse-workspace\322_project\game-client-team-00\team-00\src\test\resources
2019-03-20 11:12:09,700 [Worker-116: Building workspace] WARN  o.e.m.c.i.embedder.EclipseLogger - Using platform encoding (Cp1252 actually) to copy filtered resources, i.e. build is platform dependent!
2019-03-20 11:12:09,700 [Worker-116: Building workspace] INFO  o.e.m.c.i.embedder.EclipseLogger - skip non existing resourceDirectory C:\Users\Ben\eclipse-workspace\322_project\game-client-team-00\team-00\src\main\resources
2019-03-20 11:12:09,716 [Worker-116: Building workspace] WARN  o.e.m.c.i.embedder.EclipseLogger - Using platform encoding (Cp1252 actually) to copy filtered resources, i.e. build is platform dependent!
2019-03-20 11:12:09,722 [Worker-116: Building workspace] INFO  o.e.m.c.i.embedder.EclipseLogger - skip non existing resourceDirectory C:\Users\Ben\eclipse-workspace\322_project\game-client-team-00\team-00\src\test\resources
2019-03-20 12:21:26,178 [Worker-135: Building workspace] WARN  o.e.m.c.i.embedder.EclipseLogger - Using platform encoding (Cp1252 actually) to copy filtered resources, i.e. build is platform dependent!
2019-03-20 12:21:26,178 [Worker-135: Building workspace] INFO  o.e.m.c.i.embedder.EclipseLogger - skip non existing resourceDirectory C:\Users\Ben\eclipse-workspace\322_project\game-client-team-00\team-00\src\main\resources
2019-03-20 12:21:26,178 [Worker-135: Building workspace] WARN  o.e.m.c.i.embedder.EclipseLogger - Using platform encoding (Cp1252 actually) to copy filtered resources, i.e. build is platform dependent!
2019-03-20 12:21:26,178 [Worker-135: Building workspace] INFO  o.e.m.c.i.embedder.EclipseLogger - skip non existing resourceDirectory C:\Users\Ben\eclipse-workspace\322_project\game-client-team-00\team-00\src\test\resources
2019-03-20 13:06:16,944 [Worker-140: Building workspace] WARN  o.e.m.c.i.embedder.EclipseLogger - Using platform encoding (Cp1252 actually) to copy filtered resources, i.e. build is platform dependent!
2019-03-20 13:06:16,959 [Worker-140: Building workspace] INFO  o.e.m.c.i.embedder.EclipseLogger - skip non existing resourceDirectory C:\Users\Ben\eclipse-workspace\322_project\game-client-team-00\team-00\src\main\resources
2019-03-20 13:06:16,959 [Worker-140: Building workspace] WARN  o.e.m.c.i.embedder.EclipseLogger - Using platform encoding (Cp1252 actually) to copy filtered resources, i.e. build is platform dependent!
2019-03-20 13:06:16,959 [Worker-140: Building workspace] INFO  o.e.m.c.i.embedder.EclipseLogger - skip non existing resourceDirectory C:\Users\Ben\eclipse-workspace\322_project\game-client-team-00\team-00\src\test\resources
2019-03-20 13:06:18,797 [Worker-145: Building workspace] WARN  o.e.m.c.i.embedder.EclipseLogger - Using platform encoding (Cp1252 actually) to copy filtered resources, i.e. build is platform dependent!
2019-03-20 13:06:18,797 [Worker-145: Building workspace] INFO  o.e.m.c.i.embedder.EclipseLogger - skip non existing resourceDirectory C:\Users\Ben\eclipse-workspace\322_project\game-client-team-00\team-00\src\main\resources
2019-03-20 13:06:18,797 [Worker-145: Building workspace] WARN  o.e.m.c.i.embedder.EclipseLogger - Using platform encoding (Cp1252 actually) to copy filtered resources, i.e. build is platform dependent!
2019-03-20 13:06:18,797 [Worker-145: Building workspace] INFO  o.e.m.c.i.embedder.EclipseLogger - skip non existing resourceDirectory C:\Users\Ben\eclipse-workspace\322_project\game-client-team-00\team-00\src\test\resources
2019-03-20 13:06:26,280 [Worker-143: Launching Amazons] WARN  o.e.m.c.i.embedder.EclipseLogger - Using platform encoding (Cp1252 actually) to copy filtered resources, i.e. build is platform dependent!
2019-03-20 13:06:26,296 [Worker-143: Launching Amazons] INFO  o.e.m.c.i.embedder.EclipseLogger - skip non existing resourceDirectory C:\Users\Ben\eclipse-workspace\322_project\game-client-team-00\team-00\src\main\resources
2019-03-20 13:06:26,296 [Worker-143: Launching Amazons] WARN  o.e.m.c.i.embedder.EclipseLogger - Using platform encoding (Cp1252 actually) to copy filtered resources, i.e. build is platform dependent!
2019-03-20 13:06:26,296 [Worker-143: Launching Amazons] INFO  o.e.m.c.i.embedder.EclipseLogger - skip non existing resourceDirectory C:\Users\Ben\eclipse-workspace\322_project\game-client-team-00\team-00\src\test\resources
2019-03-20 13:09:18,502 [Worker-140: Building workspace] WARN  o.e.m.c.i.embedder.EclipseLogger - Using platform encoding (Cp1252 actually) to copy filtered resources, i.e. build is platform dependent!
2019-03-20 13:09:18,502 [Worker-140: Building workspace] INFO  o.e.m.c.i.embedder.EclipseLogger - skip non existing resourceDirectory C:\Users\Ben\eclipse-workspace\322_project\game-client-team-00\team-00\src\main\resources
2019-03-20 13:09:18,502 [Worker-140: Building workspace] WARN  o.e.m.c.i.embedder.EclipseLogger - Using platform encoding (Cp1252 actually) to copy filtered resources, i.e. build is platform dependent!
2019-03-20 13:09:18,502 [Worker-140: Building workspace] INFO  o.e.m.c.i.embedder.EclipseLogger - skip non existing resourceDirectory C:\Users\Ben\eclipse-workspace\322_project\game-client-team-00\team-00\src\test\resources
2019-03-20 13:09:21,937 [Worker-140: Launching Amazons] WARN  o.e.m.c.i.embedder.EclipseLogger - Using platform encoding (Cp1252 actually) to copy filtered resources, i.e. build is platform dependent!
2019-03-20 13:09:21,937 [Worker-140: Launching Amazons] INFO  o.e.m.c.i.embedder.EclipseLogger - skip non existing resourceDirectory C:\Users\Ben\eclipse-workspace\322_project\game-client-team-00\team-00\src\main\resources
2019-03-20 13:09:21,937 [Worker-140: Launching Amazons] WARN  o.e.m.c.i.embedder.EclipseLogger - Using platform encoding (Cp1252 actually) to copy filtered resources, i.e. build is platform dependent!
2019-03-20 13:09:21,937 [Worker-140: Launching Amazons] INFO  o.e.m.c.i.embedder.EclipseLogger - skip non existing resourceDirectory C:\Users\Ben\eclipse-workspace\322_project\game-client-team-00\team-00\src\test\resources
2019-03-20 14:38:49,647 [Worker-145: Building workspace] WARN  o.e.m.c.i.embedder.EclipseLogger - Using platform encoding (Cp1252 actually) to copy filtered resources, i.e. build is platform dependent!
2019-03-20 14:38:49,663 [Worker-145: Building workspace] INFO  o.e.m.c.i.embedder.EclipseLogger - skip non existing resourceDirectory C:\Users\Ben\eclipse-workspace\322_project\game-client-team-00\team-00\src\main\resources
2019-03-20 14:38:49,663 [Worker-145: Building workspace] WARN  o.e.m.c.i.embedder.EclipseLogger - Using platform encoding (Cp1252 actually) to copy filtered resources, i.e. build is platform dependent!
2019-03-20 14:38:49,663 [Worker-145: Building workspace] INFO  o.e.m.c.i.embedder.EclipseLogger - skip non existing resourceDirectory C:\Users\Ben\eclipse-workspace\322_project\game-client-team-00\team-00\src\test\resources
2019-03-20 14:39:17,027 [Worker-151: Building workspace] WARN  o.e.m.c.i.embedder.EclipseLogger - Using platform encoding (Cp1252 actually) to copy filtered resources, i.e. build is platform dependent!
2019-03-20 14:39:17,027 [Worker-151: Building workspace] INFO  o.e.m.c.i.embedder.EclipseLogger - skip non existing resourceDirectory C:\Users\Ben\eclipse-workspace\322_project\game-client-team-00\team-00\src\main\resources
2019-03-20 14:39:17,043 [Worker-151: Building workspace] WARN  o.e.m.c.i.embedder.EclipseLogger - Using platform encoding (Cp1252 actually) to copy filtered resources, i.e. build is platform dependent!
2019-03-20 14:39:17,043 [Worker-151: Building workspace] INFO  o.e.m.c.i.embedder.EclipseLogger - skip non existing resourceDirectory C:\Users\Ben\eclipse-workspace\322_project\game-client-team-00\team-00\src\test\resources
2019-03-20 14:44:35,775 [Worker-152: Launching Amazons] WARN  o.e.m.c.i.embedder.EclipseLogger - Using platform encoding (Cp1252 actually) to copy filtered resources, i.e. build is platform dependent!
2019-03-20 14:44:36,006 [Worker-152: Launching Amazons] INFO  o.e.m.c.i.embedder.EclipseLogger - skip non existing resourceDirectory C:\Users\Ben\eclipse-workspace\322_project\game-client-team-00\team-00\src\main\resources
2019-03-20 14:44:36,085 [Worker-152: Launching Amazons] WARN  o.e.m.c.i.embedder.EclipseLogger - Using platform encoding (Cp1252 actually) to copy filtered resources, i.e. build is platform dependent!
2019-03-20 14:44:36,163 [Worker-152: Launching Amazons] INFO  o.e.m.c.i.embedder.EclipseLogger - skip non existing resourceDirectory C:\Users\Ben\eclipse-workspace\322_project\game-client-team-00\team-00\src\test\resources
2019-03-20 14:46:39,424 [Worker-154: Launching Amazons] WARN  o.e.m.c.i.embedder.EclipseLogger - Using platform encoding (Cp1252 actually) to copy filtered resources, i.e. build is platform dependent!
2019-03-20 14:46:39,424 [Worker-154: Launching Amazons] INFO  o.e.m.c.i.embedder.EclipseLogger - skip non existing resourceDirectory C:\Users\Ben\eclipse-workspace\322_project\game-client-team-00\team-00\src\main\resources
2019-03-20 14:46:39,424 [Worker-154: Launching Amazons] WARN  o.e.m.c.i.embedder.EclipseLogger - Using platform encoding (Cp1252 actually) to copy filtered resources, i.e. build is platform dependent!
2019-03-20 14:46:39,439 [Worker-154: Launching Amazons] INFO  o.e.m.c.i.embedder.EclipseLogger - skip non existing resourceDirectory C:\Users\Ben\eclipse-workspace\322_project\game-client-team-00\team-00\src\test\resources
2019-03-20 14:47:38,656 [Worker-149: Launching Amazons] WARN  o.e.m.c.i.embedder.EclipseLogger - Using platform encoding (Cp1252 actually) to copy filtered resources, i.e. build is platform dependent!
2019-03-20 14:47:38,656 [Worker-149: Launching Amazons] INFO  o.e.m.c.i.embedder.EclipseLogger - skip non existing resourceDirectory C:\Users\Ben\eclipse-workspace\322_project\game-client-team-00\team-00\src\main\resources
2019-03-20 14:47:38,656 [Worker-149: Launching Amazons] WARN  o.e.m.c.i.embedder.EclipseLogger - Using platform encoding (Cp1252 actually) to copy filtered resources, i.e. build is platform dependent!
2019-03-20 14:47:38,672 [Worker-149: Launching Amazons] INFO  o.e.m.c.i.embedder.EclipseLogger - skip non existing resourceDirectory C:\Users\Ben\eclipse-workspace\322_project\game-client-team-00\team-00\src\test\resources
2019-03-20 14:49:58,457 [Worker-153: Building workspace] WARN  o.e.m.c.i.embedder.EclipseLogger - Using platform encoding (Cp1252 actually) to copy filtered resources, i.e. build is platform dependent!
2019-03-20 14:49:58,457 [Worker-153: Building workspace] INFO  o.e.m.c.i.embedder.EclipseLogger - skip non existing resourceDirectory C:\Users\Ben\eclipse-workspace\322_project\game-client-team-00\team-00\src\main\resources
2019-03-20 14:49:58,457 [Worker-153: Building workspace] WARN  o.e.m.c.i.embedder.EclipseLogger - Using platform encoding (Cp1252 actually) to copy filtered resources, i.e. build is platform dependent!
2019-03-20 14:49:58,457 [Worker-153: Building workspace] INFO  o.e.m.c.i.embedder.EclipseLogger - skip non existing resourceDirectory C:\Users\Ben\eclipse-workspace\322_project\game-client-team-00\team-00\src\test\resources
2019-03-20 14:58:00,349 [Worker-151: Building workspace] WARN  o.e.m.c.i.embedder.EclipseLogger - Using platform encoding (Cp1252 actually) to copy filtered resources, i.e. build is platform dependent!
2019-03-20 14:58:00,349 [Worker-151: Building workspace] INFO  o.e.m.c.i.embedder.EclipseLogger - skip non existing resourceDirectory C:\Users\Ben\eclipse-workspace\322_project\game-client-team-00\team-00\src\main\resources
2019-03-20 14:58:00,349 [Worker-151: Building workspace] WARN  o.e.m.c.i.embedder.EclipseLogger - Using platform encoding (Cp1252 actually) to copy filtered resources, i.e. build is platform dependent!
2019-03-20 14:58:00,349 [Worker-151: Building workspace] INFO  o.e.m.c.i.embedder.EclipseLogger - skip non existing resourceDirectory C:\Users\Ben\eclipse-workspace\322_project\game-client-team-00\team-00\src\test\resources
2019-03-20 14:59:18,016 [Worker-156: Launching Amazons] WARN  o.e.m.c.i.embedder.EclipseLogger - Using platform encoding (Cp1252 actually) to copy filtered resources, i.e. build is platform dependent!
2019-03-20 14:59:18,063 [Worker-156: Launching Amazons] INFO  o.e.m.c.i.embedder.EclipseLogger - skip non existing resourceDirectory C:\Users\Ben\eclipse-workspace\322_project\game-client-team-00\team-00\src\main\resources
2019-03-20 14:59:18,079 [Worker-156: Launching Amazons] WARN  o.e.m.c.i.embedder.EclipseLogger - Using platform encoding (Cp1252 actually) to copy filtered resources, i.e. build is platform dependent!
2019-03-20 14:59:18,079 [Worker-156: Launching Amazons] INFO  o.e.m.c.i.embedder.EclipseLogger - skip non existing resourceDirectory C:\Users\Ben\eclipse-workspace\322_project\game-client-team-00\team-00\src\test\resources
2019-03-20 15:00:28,521 [Worker-156: Launching Amazons] WARN  o.e.m.c.i.embedder.EclipseLogger - Using platform encoding (Cp1252 actually) to copy filtered resources, i.e. build is platform dependent!
2019-03-20 15:00:28,630 [Worker-156: Launching Amazons] INFO  o.e.m.c.i.embedder.EclipseLogger - skip non existing resourceDirectory C:\Users\Ben\eclipse-workspace\322_project\game-client-team-00\team-00\src\main\resources
2019-03-20 15:00:28,630 [Worker-156: Launching Amazons] WARN  o.e.m.c.i.embedder.EclipseLogger - Using platform encoding (Cp1252 actually) to copy filtered resources, i.e. build is platform dependent!
2019-03-20 15:00:28,630 [Worker-156: Launching Amazons] INFO  o.e.m.c.i.embedder.EclipseLogger - skip non existing resourceDirectory C:\Users\Ben\eclipse-workspace\322_project\game-client-team-00\team-00\src\test\resources
2019-03-20 15:06:36,567 [Worker-159: Launching Amazons] WARN  o.e.m.c.i.embedder.EclipseLogger - Using platform encoding (Cp1252 actually) to copy filtered resources, i.e. build is platform dependent!
2019-03-20 15:06:36,567 [Worker-159: Launching Amazons] INFO  o.e.m.c.i.embedder.EclipseLogger - skip non existing resourceDirectory C:\Users\Ben\eclipse-workspace\322_project\game-client-team-00\team-00\src\main\resources
2019-03-20 15:06:36,567 [Worker-159: Launching Amazons] WARN  o.e.m.c.i.embedder.EclipseLogger - Using platform encoding (Cp1252 actually) to copy filtered resources, i.e. build is platform dependent!
2019-03-20 15:06:36,583 [Worker-159: Launching Amazons] INFO  o.e.m.c.i.embedder.EclipseLogger - skip non existing resourceDirectory C:\Users\Ben\eclipse-workspace\322_project\game-client-team-00\team-00\src\test\resources
2019-03-20 15:09:54,608 [Worker-145: Launching Amazons] WARN  o.e.m.c.i.embedder.EclipseLogger - Using platform encoding (Cp1252 actually) to copy filtered resources, i.e. build is platform dependent!
2019-03-20 15:09:54,608 [Worker-145: Launching Amazons] INFO  o.e.m.c.i.embedder.EclipseLogger - skip non existing resourceDirectory C:\Users\Ben\eclipse-workspace\322_project\game-client-team-00\team-00\src\main\resources
2019-03-20 15:09:54,608 [Worker-145: Launching Amazons] WARN  o.e.m.c.i.embedder.EclipseLogger - Using platform encoding (Cp1252 actually) to copy filtered resources, i.e. build is platform dependent!
2019-03-20 15:09:54,624 [Worker-145: Launching Amazons] INFO  o.e.m.c.i.embedder.EclipseLogger - skip non existing resourceDirectory C:\Users\Ben\eclipse-workspace\322_project\game-client-team-00\team-00\src\test\resources
2019-03-20 15:15:06,930 [Worker-163: Building workspace] WARN  o.e.m.c.i.embedder.EclipseLogger - Using platform encoding (Cp1252 actually) to copy filtered resources, i.e. build is platform dependent!
2019-03-20 15:15:06,930 [Worker-163: Building workspace] INFO  o.e.m.c.i.embedder.EclipseLogger - skip non existing resourceDirectory C:\Users\Ben\eclipse-workspace\322_project\game-client-team-00\team-00\src\main\resources
2019-03-20 15:15:06,930 [Worker-163: Building workspace] WARN  o.e.m.c.i.embedder.EclipseLogger - Using platform encoding (Cp1252 actually) to copy filtered resources, i.e. build is platform dependent!
2019-03-20 15:15:06,930 [Worker-163: Building workspace] INFO  o.e.m.c.i.embedder.EclipseLogger - skip non existing resourceDirectory C:\Users\Ben\eclipse-workspace\322_project\game-client-team-00\team-00\src\test\resources
2019-03-20 15:31:04,836 [Worker-162: Launching MinDistanceFunction] WARN  o.e.m.c.i.embedder.EclipseLogger - Using platform encoding (Cp1252 actually) to copy filtered resources, i.e. build is platform dependent!
2019-03-20 15:31:04,852 [Worker-162: Launching MinDistanceFunction] INFO  o.e.m.c.i.embedder.EclipseLogger - skip non existing resourceDirectory C:\Users\Ben\eclipse-workspace\322_project\game-client-team-00\team-00\src\main\resources
2019-03-20 15:31:04,852 [Worker-162: Launching MinDistanceFunction] WARN  o.e.m.c.i.embedder.EclipseLogger - Using platform encoding (Cp1252 actually) to copy filtered resources, i.e. build is platform dependent!
2019-03-20 15:31:04,852 [Worker-162: Launching MinDistanceFunction] INFO  o.e.m.c.i.embedder.EclipseLogger - skip non existing resourceDirectory C:\Users\Ben\eclipse-workspace\322_project\game-client-team-00\team-00\src\test\resources
2019-03-20 15:32:31,133 [Worker-162: Launching MinDistanceFunction] WARN  o.e.m.c.i.embedder.EclipseLogger - Using platform encoding (Cp1252 actually) to copy filtered resources, i.e. build is platform dependent!
2019-03-20 15:32:31,133 [Worker-162: Launching MinDistanceFunction] INFO  o.e.m.c.i.embedder.EclipseLogger - skip non existing resourceDirectory C:\Users\Ben\eclipse-workspace\322_project\game-client-team-00\team-00\src\main\resources
2019-03-20 15:32:31,133 [Worker-162: Launching MinDistanceFunction] WARN  o.e.m.c.i.embedder.EclipseLogger - Using platform encoding (Cp1252 actually) to copy filtered resources, i.e. build is platform dependent!
2019-03-20 15:32:31,133 [Worker-162: Launching MinDistanceFunction] INFO  o.e.m.c.i.embedder.EclipseLogger - skip non existing resourceDirectory C:\Users\Ben\eclipse-workspace\322_project\game-client-team-00\team-00\src\test\resources
2019-03-20 15:34:24,603 [Worker-163: Launching MinDistanceFunction] WARN  o.e.m.c.i.embedder.EclipseLogger - Using platform encoding (Cp1252 actually) to copy filtered resources, i.e. build is platform dependent!
2019-03-20 15:34:24,603 [Worker-163: Launching MinDistanceFunction] INFO  o.e.m.c.i.embedder.EclipseLogger - skip non existing resourceDirectory C:\Users\Ben\eclipse-workspace\322_project\game-client-team-00\team-00\src\main\resources
2019-03-20 15:34:24,603 [Worker-163: Launching MinDistanceFunction] WARN  o.e.m.c.i.embedder.EclipseLogger - Using platform encoding (Cp1252 actually) to copy filtered resources, i.e. build is platform dependent!
2019-03-20 15:34:24,603 [Worker-163: Launching MinDistanceFunction] INFO  o.e.m.c.i.embedder.EclipseLogger - skip non existing resourceDirectory C:\Users\Ben\eclipse-workspace\322_project\game-client-team-00\team-00\src\test\resources
2019-03-20 15:36:51,687 [Worker-162: Launching MinDistanceFunction] WARN  o.e.m.c.i.embedder.EclipseLogger - Using platform encoding (Cp1252 actually) to copy filtered resources, i.e. build is platform dependent!
2019-03-20 15:36:51,756 [Worker-162: Launching MinDistanceFunction] INFO  o.e.m.c.i.embedder.EclipseLogger - skip non existing resourceDirectory C:\Users\Ben\eclipse-workspace\322_project\game-client-team-00\team-00\src\main\resources
2019-03-20 15:36:51,834 [Worker-162: Launching MinDistanceFunction] WARN  o.e.m.c.i.embedder.EclipseLogger - Using platform encoding (Cp1252 actually) to copy filtered resources, i.e. build is platform dependent!
2019-03-20 15:36:51,834 [Worker-162: Launching MinDistanceFunction] INFO  o.e.m.c.i.embedder.EclipseLogger - skip non existing resourceDirectory C:\Users\Ben\eclipse-workspace\322_project\game-client-team-00\team-00\src\test\resources
2019-03-20 15:37:13,137 [Worker-164: Launching MinDistanceFunction] WARN  o.e.m.c.i.embedder.EclipseLogger - Using platform encoding (Cp1252 actually) to copy filtered resources, i.e. build is platform dependent!
2019-03-20 15:37:13,137 [Worker-164: Launching MinDistanceFunction] INFO  o.e.m.c.i.embedder.EclipseLogger - skip non existing resourceDirectory C:\Users\Ben\eclipse-workspace\322_project\game-client-team-00\team-00\src\main\resources
2019-03-20 15:37:13,152 [Worker-164: Launching MinDistanceFunction] WARN  o.e.m.c.i.embedder.EclipseLogger - Using platform encoding (Cp1252 actually) to copy filtered resources, i.e. build is platform dependent!
2019-03-20 15:37:13,168 [Worker-164: Launching MinDistanceFunction] INFO  o.e.m.c.i.embedder.EclipseLogger - skip non existing resourceDirectory C:\Users\Ben\eclipse-workspace\322_project\game-client-team-00\team-00\src\test\resources
2019-03-20 15:38:11,187 [Worker-161: Launching MinDistanceFunction] WARN  o.e.m.c.i.embedder.EclipseLogger - Using platform encoding (Cp1252 actually) to copy filtered resources, i.e. build is platform dependent!
2019-03-20 15:38:11,187 [Worker-161: Launching MinDistanceFunction] INFO  o.e.m.c.i.embedder.EclipseLogger - skip non existing resourceDirectory C:\Users\Ben\eclipse-workspace\322_project\game-client-team-00\team-00\src\main\resources
2019-03-20 15:38:11,202 [Worker-161: Launching MinDistanceFunction] WARN  o.e.m.c.i.embedder.EclipseLogger - Using platform encoding (Cp1252 actually) to copy filtered resources, i.e. build is platform dependent!
2019-03-20 15:38:11,202 [Worker-161: Launching MinDistanceFunction] INFO  o.e.m.c.i.embedder.EclipseLogger - skip non existing resourceDirectory C:\Users\Ben\eclipse-workspace\322_project\game-client-team-00\team-00\src\test\resources
2019-03-20 15:38:24,539 [Worker-145: Launching MinDistanceFunction] WARN  o.e.m.c.i.embedder.EclipseLogger - Using platform encoding (Cp1252 actually) to copy filtered resources, i.e. build is platform dependent!
2019-03-20 15:38:24,539 [Worker-145: Launching MinDistanceFunction] INFO  o.e.m.c.i.embedder.EclipseLogger - skip non existing resourceDirectory C:\Users\Ben\eclipse-workspace\322_project\game-client-team-00\team-00\src\main\resources
2019-03-20 15:38:24,539 [Worker-145: Launching MinDistanceFunction] WARN  o.e.m.c.i.embedder.EclipseLogger - Using platform encoding (Cp1252 actually) to copy filtered resources, i.e. build is platform dependent!
2019-03-20 15:38:24,539 [Worker-145: Launching MinDistanceFunction] INFO  o.e.m.c.i.embedder.EclipseLogger - skip non existing resourceDirectory C:\Users\Ben\eclipse-workspace\322_project\game-client-team-00\team-00\src\test\resources
2019-03-20 15:38:35,662 [Worker-162: Building workspace] WARN  o.e.m.c.i.embedder.EclipseLogger - Using platform encoding (Cp1252 actually) to copy filtered resources, i.e. build is platform dependent!
2019-03-20 15:38:35,662 [Worker-162: Building workspace] INFO  o.e.m.c.i.embedder.EclipseLogger - skip non existing resourceDirectory C:\Users\Ben\eclipse-workspace\322_project\game-client-team-00\team-00\src\main\resources
2019-03-20 15:38:35,678 [Worker-162: Building workspace] WARN  o.e.m.c.i.embedder.EclipseLogger - Using platform encoding (Cp1252 actually) to copy filtered resources, i.e. build is platform dependent!
2019-03-20 15:38:35,678 [Worker-162: Building workspace] INFO  o.e.m.c.i.embedder.EclipseLogger - skip non existing resourceDirectory C:\Users\Ben\eclipse-workspace\322_project\game-client-team-00\team-00\src\test\resources
2019-03-20 15:40:06,288 [Worker-161: Launching MinDistanceFunction] WARN  o.e.m.c.i.embedder.EclipseLogger - Using platform encoding (Cp1252 actually) to copy filtered resources, i.e. build is platform dependent!
2019-03-20 15:40:06,320 [Worker-161: Launching MinDistanceFunction] INFO  o.e.m.c.i.embedder.EclipseLogger - skip non existing resourceDirectory C:\Users\Ben\eclipse-workspace\322_project\game-client-team-00\team-00\src\main\resources
2019-03-20 15:40:06,320 [Worker-161: Launching MinDistanceFunction] WARN  o.e.m.c.i.embedder.EclipseLogger - Using platform encoding (Cp1252 actually) to copy filtered resources, i.e. build is platform dependent!
2019-03-20 15:40:06,320 [Worker-161: Launching MinDistanceFunction] INFO  o.e.m.c.i.embedder.EclipseLogger - skip non existing resourceDirectory C:\Users\Ben\eclipse-workspace\322_project\game-client-team-00\team-00\src\test\resources
2019-03-20 15:43:11,587 [Worker-161: Launching Amazons] WARN  o.e.m.c.i.embedder.EclipseLogger - Using platform encoding (Cp1252 actually) to copy filtered resources, i.e. build is platform dependent!
2019-03-20 15:43:11,587 [Worker-161: Launching Amazons] INFO  o.e.m.c.i.embedder.EclipseLogger - skip non existing resourceDirectory C:\Users\Ben\eclipse-workspace\322_project\game-client-team-00\team-00\src\main\resources
2019-03-20 15:43:11,603 [Worker-161: Launching Amazons] WARN  o.e.m.c.i.embedder.EclipseLogger - Using platform encoding (Cp1252 actually) to copy filtered resources, i.e. build is platform dependent!
2019-03-20 15:43:11,603 [Worker-161: Launching Amazons] INFO  o.e.m.c.i.embedder.EclipseLogger - skip non existing resourceDirectory C:\Users\Ben\eclipse-workspace\322_project\game-client-team-00\team-00\src\test\resources
2019-03-20 15:43:57,307 [Worker-145: Launching Amazons] WARN  o.e.m.c.i.embedder.EclipseLogger - Using platform encoding (Cp1252 actually) to copy filtered resources, i.e. build is platform dependent!
2019-03-20 15:43:57,309 [Worker-145: Launching Amazons] INFO  o.e.m.c.i.embedder.EclipseLogger - skip non existing resourceDirectory C:\Users\Ben\eclipse-workspace\322_project\game-client-team-00\team-00\src\main\resources
2019-03-20 15:43:57,313 [Worker-145: Launching Amazons] WARN  o.e.m.c.i.embedder.EclipseLogger - Using platform encoding (Cp1252 actually) to copy filtered resources, i.e. build is platform dependent!
2019-03-20 15:43:57,316 [Worker-145: Launching Amazons] INFO  o.e.m.c.i.embedder.EclipseLogger - skip non existing resourceDirectory C:\Users\Ben\eclipse-workspace\322_project\game-client-team-00\team-00\src\test\resources
2019-03-20 15:49:00,378 [Worker-161: Launching Amazons] WARN  o.e.m.c.i.embedder.EclipseLogger - Using platform encoding (Cp1252 actually) to copy filtered resources, i.e. build is platform dependent!
2019-03-20 15:49:00,378 [Worker-161: Launching Amazons] INFO  o.e.m.c.i.embedder.EclipseLogger - skip non existing resourceDirectory C:\Users\Ben\eclipse-workspace\322_project\game-client-team-00\team-00\src\main\resources
2019-03-20 15:49:00,394 [Worker-161: Launching Amazons] WARN  o.e.m.c.i.embedder.EclipseLogger - Using platform encoding (Cp1252 actually) to copy filtered resources, i.e. build is platform dependent!
2019-03-20 15:49:00,394 [Worker-161: Launching Amazons] INFO  o.e.m.c.i.embedder.EclipseLogger - skip non existing resourceDirectory C:\Users\Ben\eclipse-workspace\322_project\game-client-team-00\team-00\src\test\resources
2019-03-20 16:04:33,696 [Worker-166: Building workspace] WARN  o.e.m.c.i.embedder.EclipseLogger - Using platform encoding (Cp1252 actually) to copy filtered resources, i.e. build is platform dependent!
2019-03-20 16:04:33,696 [Worker-166: Building workspace] INFO  o.e.m.c.i.embedder.EclipseLogger - skip non existing resourceDirectory C:\Users\Ben\eclipse-workspace\322_project\game-client-team-00\team-00\src\main\resources
2019-03-20 16:04:33,696 [Worker-166: Building workspace] WARN  o.e.m.c.i.embedder.EclipseLogger - Using platform encoding (Cp1252 actually) to copy filtered resources, i.e. build is platform dependent!
2019-03-20 16:04:33,696 [Worker-166: Building workspace] INFO  o.e.m.c.i.embedder.EclipseLogger - skip non existing resourceDirectory C:\Users\Ben\eclipse-workspace\322_project\game-client-team-00\team-00\src\test\resources
2019-03-20 16:05:06,858 [Worker-171: Building workspace] WARN  o.e.m.c.i.embedder.EclipseLogger - Using platform encoding (Cp1252 actually) to copy filtered resources, i.e. build is platform dependent!
2019-03-20 16:05:06,858 [Worker-171: Building workspace] INFO  o.e.m.c.i.embedder.EclipseLogger - skip non existing resourceDirectory C:\Users\Ben\eclipse-workspace\322_project\game-client-team-00\team-00\src\main\resources
2019-03-20 16:05:06,858 [Worker-171: Building workspace] WARN  o.e.m.c.i.embedder.EclipseLogger - Using platform encoding (Cp1252 actually) to copy filtered resources, i.e. build is platform dependent!
2019-03-20 16:05:06,858 [Worker-171: Building workspace] INFO  o.e.m.c.i.embedder.EclipseLogger - skip non existing resourceDirectory C:\Users\Ben\eclipse-workspace\322_project\game-client-team-00\team-00\src\test\resources
2019-03-20 16:10:51,061 [Worker-174: Launching Amazons] WARN  o.e.m.c.i.embedder.EclipseLogger - Using platform encoding (Cp1252 actually) to copy filtered resources, i.e. build is platform dependent!
2019-03-20 16:10:51,077 [Worker-174: Launching Amazons] INFO  o.e.m.c.i.embedder.EclipseLogger - skip non existing resourceDirectory C:\Users\Ben\eclipse-workspace\322_project\game-client-team-00\team-00\src\main\resources
2019-03-20 16:10:51,077 [Worker-174: Launching Amazons] WARN  o.e.m.c.i.embedder.EclipseLogger - Using platform encoding (Cp1252 actually) to copy filtered resources, i.e. build is platform dependent!
2019-03-20 16:10:51,077 [Worker-174: Launching Amazons] INFO  o.e.m.c.i.embedder.EclipseLogger - skip non existing resourceDirectory C:\Users\Ben\eclipse-workspace\322_project\game-client-team-00\team-00\src\test\resources
2019-03-20 16:14:02,132 [Worker-175: Building workspace] WARN  o.e.m.c.i.embedder.EclipseLogger - Using platform encoding (Cp1252 actually) to copy filtered resources, i.e. build is platform dependent!
2019-03-20 16:14:02,132 [Worker-175: Building workspace] INFO  o.e.m.c.i.embedder.EclipseLogger - skip non existing resourceDirectory C:\Users\Ben\eclipse-workspace\322_project\game-client-team-00\team-00\src\main\resources
2019-03-20 16:14:02,132 [Worker-175: Building workspace] WARN  o.e.m.c.i.embedder.EclipseLogger - Using platform encoding (Cp1252 actually) to copy filtered resources, i.e. build is platform dependent!
2019-03-20 16:14:02,132 [Worker-175: Building workspace] INFO  o.e.m.c.i.embedder.EclipseLogger - skip non existing resourceDirectory C:\Users\Ben\eclipse-workspace\322_project\game-client-team-00\team-00\src\test\resources
2019-03-20 16:15:08,290 [Worker-177: Launching Amazons] WARN  o.e.m.c.i.embedder.EclipseLogger - Using platform encoding (Cp1252 actually) to copy filtered resources, i.e. build is platform dependent!
2019-03-20 16:15:08,290 [Worker-177: Launching Amazons] INFO  o.e.m.c.i.embedder.EclipseLogger - skip non existing resourceDirectory C:\Users\Ben\eclipse-workspace\322_project\game-client-team-00\team-00\src\main\resources
2019-03-20 16:15:08,290 [Worker-177: Launching Amazons] WARN  o.e.m.c.i.embedder.EclipseLogger - Using platform encoding (Cp1252 actually) to copy filtered resources, i.e. build is platform dependent!
2019-03-20 16:15:08,306 [Worker-177: Launching Amazons] INFO  o.e.m.c.i.embedder.EclipseLogger - skip non existing resourceDirectory C:\Users\Ben\eclipse-workspace\322_project\game-client-team-00\team-00\src\test\resources
2019-03-20 16:16:24,194 [Worker-174: Building workspace] WARN  o.e.m.c.i.embedder.EclipseLogger - Using platform encoding (Cp1252 actually) to copy filtered resources, i.e. build is platform dependent!
2019-03-20 16:16:24,194 [Worker-174: Building workspace] INFO  o.e.m.c.i.embedder.EclipseLogger - skip non existing resourceDirectory C:\Users\Ben\eclipse-workspace\322_project\game-client-team-00\team-00\src\main\resources
2019-03-20 16:16:24,194 [Worker-174: Building workspace] WARN  o.e.m.c.i.embedder.EclipseLogger - Using platform encoding (Cp1252 actually) to copy filtered resources, i.e. build is platform dependent!
2019-03-20 16:16:24,194 [Worker-174: Building workspace] INFO  o.e.m.c.i.embedder.EclipseLogger - skip non existing resourceDirectory C:\Users\Ben\eclipse-workspace\322_project\game-client-team-00\team-00\src\test\resources
2019-03-20 16:20:51,722 [Worker-174: Building workspace] WARN  o.e.m.c.i.embedder.EclipseLogger - Using platform encoding (Cp1252 actually) to copy filtered resources, i.e. build is platform dependent!
2019-03-20 16:20:51,722 [Worker-174: Building workspace] INFO  o.e.m.c.i.embedder.EclipseLogger - skip non existing resourceDirectory C:\Users\Ben\eclipse-workspace\322_project\game-client-team-00\team-00\src\main\resources
2019-03-20 16:20:51,738 [Worker-174: Building workspace] WARN  o.e.m.c.i.embedder.EclipseLogger - Using platform encoding (Cp1252 actually) to copy filtered resources, i.e. build is platform dependent!
2019-03-20 16:20:51,754 [Worker-174: Building workspace] INFO  o.e.m.c.i.embedder.EclipseLogger - skip non existing resourceDirectory C:\Users\Ben\eclipse-workspace\322_project\game-client-team-00\team-00\src\test\resources
2019-03-20 16:20:57,943 [Worker-166: Launching Amazons] WARN  o.e.m.c.i.embedder.EclipseLogger - Using platform encoding (Cp1252 actually) to copy filtered resources, i.e. build is platform dependent!
2019-03-20 16:20:57,943 [Worker-166: Launching Amazons] INFO  o.e.m.c.i.embedder.EclipseLogger - skip non existing resourceDirectory C:\Users\Ben\eclipse-workspace\322_project\game-client-team-00\team-00\src\main\resources
2019-03-20 16:20:57,958 [Worker-166: Launching Amazons] WARN  o.e.m.c.i.embedder.EclipseLogger - Using platform encoding (Cp1252 actually) to copy filtered resources, i.e. build is platform dependent!
2019-03-20 16:20:57,958 [Worker-166: Launching Amazons] INFO  o.e.m.c.i.embedder.EclipseLogger - skip non existing resourceDirectory C:\Users\Ben\eclipse-workspace\322_project\game-client-team-00\team-00\src\test\resources
2019-03-20 16:21:30,263 [Worker-178: Building workspace] WARN  o.e.m.c.i.embedder.EclipseLogger - Using platform encoding (Cp1252 actually) to copy filtered resources, i.e. build is platform dependent!
2019-03-20 16:21:30,681 [Worker-178: Building workspace] INFO  o.e.m.c.i.embedder.EclipseLogger - skip non existing resourceDirectory C:\Users\Ben\eclipse-workspace\322_project\game-client-team-00\team-00\src\main\resources
2019-03-20 16:21:30,681 [Worker-178: Building workspace] WARN  o.e.m.c.i.embedder.EclipseLogger - Using platform encoding (Cp1252 actually) to copy filtered resources, i.e. build is platform dependent!
2019-03-20 16:21:30,900 [Worker-178: Building workspace] INFO  o.e.m.c.i.embedder.EclipseLogger - skip non existing resourceDirectory C:\Users\Ben\eclipse-workspace\322_project\game-client-team-00\team-00\src\test\resources
2019-03-20 16:26:27,059 [Worker-174: Building workspace] WARN  o.e.m.c.i.embedder.EclipseLogger - Using platform encoding (Cp1252 actually) to copy filtered resources, i.e. build is platform dependent!
2019-03-20 16:26:27,062 [Worker-174: Building workspace] INFO  o.e.m.c.i.embedder.EclipseLogger - skip non existing resourceDirectory C:\Users\Ben\eclipse-workspace\322_project\game-client-team-00\team-00\src\main\resources
2019-03-20 16:26:27,065 [Worker-174: Building workspace] WARN  o.e.m.c.i.embedder.EclipseLogger - Using platform encoding (Cp1252 actually) to copy filtered resources, i.e. build is platform dependent!
2019-03-20 16:26:27,067 [Worker-174: Building workspace] INFO  o.e.m.c.i.embedder.EclipseLogger - skip non existing resourceDirectory C:\Users\Ben\eclipse-workspace\322_project\game-client-team-00\team-00\src\test\resources
2019-03-20 16:27:52,489 [Worker-182: Launching Amazons] WARN  o.e.m.c.i.embedder.EclipseLogger - Using platform encoding (Cp1252 actually) to copy filtered resources, i.e. build is platform dependent!
2019-03-20 16:27:52,491 [Worker-182: Launching Amazons] INFO  o.e.m.c.i.embedder.EclipseLogger - skip non existing resourceDirectory C:\Users\Ben\eclipse-workspace\322_project\game-client-team-00\team-00\src\main\resources
2019-03-20 16:27:52,494 [Worker-182: Launching Amazons] WARN  o.e.m.c.i.embedder.EclipseLogger - Using platform encoding (Cp1252 actually) to copy filtered resources, i.e. build is platform dependent!
2019-03-20 16:27:52,497 [Worker-182: Launching Amazons] INFO  o.e.m.c.i.embedder.EclipseLogger - skip non existing resourceDirectory C:\Users\Ben\eclipse-workspace\322_project\game-client-team-00\team-00\src\test\resources
2019-03-20 16:31:59,107 [Worker-179: Launching Amazons] WARN  o.e.m.c.i.embedder.EclipseLogger - Using platform encoding (Cp1252 actually) to copy filtered resources, i.e. build is platform dependent!
2019-03-20 16:31:59,185 [Worker-179: Launching Amazons] INFO  o.e.m.c.i.embedder.EclipseLogger - skip non existing resourceDirectory C:\Users\Ben\eclipse-workspace\322_project\game-client-team-00\team-00\src\main\resources
2019-03-20 16:31:59,185 [Worker-179: Launching Amazons] WARN  o.e.m.c.i.embedder.EclipseLogger - Using platform encoding (Cp1252 actually) to copy filtered resources, i.e. build is platform dependent!
2019-03-20 16:31:59,185 [Worker-179: Launching Amazons] INFO  o.e.m.c.i.embedder.EclipseLogger - skip non existing resourceDirectory C:\Users\Ben\eclipse-workspace\322_project\game-client-team-00\team-00\src\test\resources
2019-03-20 16:34:22,622 [Worker-182: Building workspace] WARN  o.e.m.c.i.embedder.EclipseLogger - Using platform encoding (Cp1252 actually) to copy filtered resources, i.e. build is platform dependent!
2019-03-20 16:34:22,622 [Worker-182: Building workspace] INFO  o.e.m.c.i.embedder.EclipseLogger - skip non existing resourceDirectory C:\Users\Ben\eclipse-workspace\322_project\game-client-team-00\team-00\src\main\resources
2019-03-20 16:34:22,638 [Worker-182: Building workspace] WARN  o.e.m.c.i.embedder.EclipseLogger - Using platform encoding (Cp1252 actually) to copy filtered resources, i.e. build is platform dependent!
2019-03-20 16:34:22,638 [Worker-182: Building workspace] INFO  o.e.m.c.i.embedder.EclipseLogger - skip non existing resourceDirectory C:\Users\Ben\eclipse-workspace\322_project\game-client-team-00\team-00\src\test\resources
2019-03-20 16:37:05,482 [Worker-185: Launching Amazons] WARN  o.e.m.c.i.embedder.EclipseLogger - Using platform encoding (Cp1252 actually) to copy filtered resources, i.e. build is platform dependent!
2019-03-20 16:37:05,482 [Worker-185: Launching Amazons] INFO  o.e.m.c.i.embedder.EclipseLogger - skip non existing resourceDirectory C:\Users\Ben\eclipse-workspace\322_project\game-client-team-00\team-00\src\main\resources
2019-03-20 16:37:05,497 [Worker-185: Launching Amazons] WARN  o.e.m.c.i.embedder.EclipseLogger - Using platform encoding (Cp1252 actually) to copy filtered resources, i.e. build is platform dependent!
2019-03-20 16:37:05,497 [Worker-185: Launching Amazons] INFO  o.e.m.c.i.embedder.EclipseLogger - skip non existing resourceDirectory C:\Users\Ben\eclipse-workspace\322_project\game-client-team-00\team-00\src\test\resources
2019-03-20 16:40:37,713 [Worker-174: Building workspace] WARN  o.e.m.c.i.embedder.EclipseLogger - Using platform encoding (Cp1252 actually) to copy filtered resources, i.e. build is platform dependent!
2019-03-20 16:40:37,713 [Worker-174: Building workspace] INFO  o.e.m.c.i.embedder.EclipseLogger - skip non existing resourceDirectory C:\Users\Ben\eclipse-workspace\322_project\game-client-team-00\team-00\src\main\resources
2019-03-20 16:40:37,729 [Worker-174: Building workspace] WARN  o.e.m.c.i.embedder.EclipseLogger - Using platform encoding (Cp1252 actually) to copy filtered resources, i.e. build is platform dependent!
2019-03-20 16:40:37,729 [Worker-174: Building workspace] INFO  o.e.m.c.i.embedder.EclipseLogger - skip non existing resourceDirectory C:\Users\Ben\eclipse-workspace\322_project\game-client-team-00\team-00\src\test\resources
2019-03-20 20:50:46,432 [Worker-179: Launching Amazons] WARN  o.e.m.c.i.embedder.EclipseLogger - Using platform encoding (Cp1252 actually) to copy filtered resources, i.e. build is platform dependent!
2019-03-20 20:50:46,525 [Worker-179: Launching Amazons] INFO  o.e.m.c.i.embedder.EclipseLogger - skip non existing resourceDirectory C:\Users\Ben\eclipse-workspace\322_project\game-client-team-00\team-00\src\main\resources
2019-03-20 20:50:46,525 [Worker-179: Launching Amazons] WARN  o.e.m.c.i.embedder.EclipseLogger - Using platform encoding (Cp1252 actually) to copy filtered resources, i.e. build is platform dependent!
2019-03-20 20:50:46,541 [Worker-179: Launching Amazons] INFO  o.e.m.c.i.embedder.EclipseLogger - skip non existing resourceDirectory C:\Users\Ben\eclipse-workspace\322_project\game-client-team-00\team-00\src\test\resources
2019-03-20 21:31:10,809 [Worker-189: Launching Amazons] WARN  o.e.m.c.i.embedder.EclipseLogger - Using platform encoding (Cp1252 actually) to copy filtered resources, i.e. build is platform dependent!
2019-03-20 21:31:10,888 [Worker-189: Launching Amazons] INFO  o.e.m.c.i.embedder.EclipseLogger - skip non existing resourceDirectory C:\Users\Ben\eclipse-workspace\322_project\game-client-team-00\team-00\src\main\resources
2019-03-20 21:31:10,919 [Worker-189: Launching Amazons] WARN  o.e.m.c.i.embedder.EclipseLogger - Using platform encoding (Cp1252 actually) to copy filtered resources, i.e. build is platform dependent!
2019-03-20 21:31:10,934 [Worker-189: Launching Amazons] INFO  o.e.m.c.i.embedder.EclipseLogger - skip non existing resourceDirectory C:\Users\Ben\eclipse-workspace\322_project\game-client-team-00\team-00\src\test\resources
2019-03-20 21:31:51,565 [Worker-177: Launching Amazons] WARN  o.e.m.c.i.embedder.EclipseLogger - Using platform encoding (Cp1252 actually) to copy filtered resources, i.e. build is platform dependent!
2019-03-20 21:31:51,565 [Worker-177: Launching Amazons] INFO  o.e.m.c.i.embedder.EclipseLogger - skip non existing resourceDirectory C:\Users\Ben\eclipse-workspace\322_project\game-client-team-00\team-00\src\main\resources
2019-03-20 21:31:51,581 [Worker-177: Launching Amazons] WARN  o.e.m.c.i.embedder.EclipseLogger - Using platform encoding (Cp1252 actually) to copy filtered resources, i.e. build is platform dependent!
2019-03-20 21:31:51,581 [Worker-177: Launching Amazons] INFO  o.e.m.c.i.embedder.EclipseLogger - skip non existing resourceDirectory C:\Users\Ben\eclipse-workspace\322_project\game-client-team-00\team-00\src\test\resources
2019-03-20 21:35:13,093 [Worker-191: Building workspace] WARN  o.e.m.c.i.embedder.EclipseLogger - Using platform encoding (Cp1252 actually) to copy filtered resources, i.e. build is platform dependent!
2019-03-20 21:35:13,124 [Worker-191: Building workspace] INFO  o.e.m.c.i.embedder.EclipseLogger - skip non existing resourceDirectory C:\Users\Ben\eclipse-workspace\322_project\game-client-team-00\team-00\src\main\resources
2019-03-20 21:35:13,124 [Worker-191: Building workspace] WARN  o.e.m.c.i.embedder.EclipseLogger - Using platform encoding (Cp1252 actually) to copy filtered resources, i.e. build is platform dependent!
2019-03-20 21:35:13,124 [Worker-191: Building workspace] INFO  o.e.m.c.i.embedder.EclipseLogger - skip non existing resourceDirectory C:\Users\Ben\eclipse-workspace\322_project\game-client-team-00\team-00\src\test\resources
2019-03-20 21:36:13,267 [Worker-177: Launching Amazons] WARN  o.e.m.c.i.embedder.EclipseLogger - Using platform encoding (Cp1252 actually) to copy filtered resources, i.e. build is platform dependent!
2019-03-20 21:36:13,267 [Worker-177: Launching Amazons] INFO  o.e.m.c.i.embedder.EclipseLogger - skip non existing resourceDirectory C:\Users\Ben\eclipse-workspace\322_project\game-client-team-00\team-00\src\main\resources
2019-03-20 21:36:13,267 [Worker-177: Launching Amazons] WARN  o.e.m.c.i.embedder.EclipseLogger - Using platform encoding (Cp1252 actually) to copy filtered resources, i.e. build is platform dependent!
2019-03-20 21:36:13,267 [Worker-177: Launching Amazons] INFO  o.e.m.c.i.embedder.EclipseLogger - skip non existing resourceDirectory C:\Users\Ben\eclipse-workspace\322_project\game-client-team-00\team-00\src\test\resources
2019-03-20 21:42:12,376 [Worker-196: Launching Amazons] WARN  o.e.m.c.i.embedder.EclipseLogger - Using platform encoding (Cp1252 actually) to copy filtered resources, i.e. build is platform dependent!
2019-03-20 21:42:12,376 [Worker-196: Launching Amazons] INFO  o.e.m.c.i.embedder.EclipseLogger - skip non existing resourceDirectory C:\Users\Ben\eclipse-workspace\322_project\game-client-team-00\team-00\src\main\resources
2019-03-20 21:42:12,376 [Worker-196: Launching Amazons] WARN  o.e.m.c.i.embedder.EclipseLogger - Using platform encoding (Cp1252 actually) to copy filtered resources, i.e. build is platform dependent!
2019-03-20 21:42:12,383 [Worker-196: Launching Amazons] INFO  o.e.m.c.i.embedder.EclipseLogger - skip non existing resourceDirectory C:\Users\Ben\eclipse-workspace\322_project\game-client-team-00\team-00\src\test\resources
2019-03-20 21:44:02,952 [Worker-177: Launching Amazons] WARN  o.e.m.c.i.embedder.EclipseLogger - Using platform encoding (Cp1252 actually) to copy filtered resources, i.e. build is platform dependent!
2019-03-20 21:44:02,957 [Worker-177: Launching Amazons] INFO  o.e.m.c.i.embedder.EclipseLogger - skip non existing resourceDirectory C:\Users\Ben\eclipse-workspace\322_project\game-client-team-00\team-00\src\main\resources
2019-03-20 21:44:02,957 [Worker-177: Launching Amazons] WARN  o.e.m.c.i.embedder.EclipseLogger - Using platform encoding (Cp1252 actually) to copy filtered resources, i.e. build is platform dependent!
2019-03-20 21:44:02,957 [Worker-177: Launching Amazons] INFO  o.e.m.c.i.embedder.EclipseLogger - skip non existing resourceDirectory C:\Users\Ben\eclipse-workspace\322_project\game-client-team-00\team-00\src\test\resources
2019-03-21 16:06:42,249 [Worker-224: Launching Amazons] WARN  o.e.m.c.i.embedder.EclipseLogger - Using platform encoding (Cp1252 actually) to copy filtered resources, i.e. build is platform dependent!
2019-03-21 16:06:42,756 [Worker-224: Launching Amazons] INFO  o.e.m.c.i.embedder.EclipseLogger - skip non existing resourceDirectory C:\Users\Ben\eclipse-workspace\322_project\game-client-team-00\team-00\src\main\resources
2019-03-21 16:06:42,776 [Worker-224: Launching Amazons] WARN  o.e.m.c.i.embedder.EclipseLogger - Using platform encoding (Cp1252 actually) to copy filtered resources, i.e. build is platform dependent!
2019-03-21 16:06:42,847 [Worker-224: Launching Amazons] INFO  o.e.m.c.i.embedder.EclipseLogger - skip non existing resourceDirectory C:\Users\Ben\eclipse-workspace\322_project\game-client-team-00\team-00\src\test\resources
2019-03-21 16:07:30,413 [Worker-226: Launching Amazons] WARN  o.e.m.c.i.embedder.EclipseLogger - Using platform encoding (Cp1252 actually) to copy filtered resources, i.e. build is platform dependent!
2019-03-21 16:07:30,438 [Worker-226: Launching Amazons] INFO  o.e.m.c.i.embedder.EclipseLogger - skip non existing resourceDirectory C:\Users\Ben\eclipse-workspace\322_project\game-client-team-00\team-00\src\main\resources
2019-03-21 16:07:30,442 [Worker-226: Launching Amazons] WARN  o.e.m.c.i.embedder.EclipseLogger - Using platform encoding (Cp1252 actually) to copy filtered resources, i.e. build is platform dependent!
2019-03-21 16:07:30,467 [Worker-226: Launching Amazons] INFO  o.e.m.c.i.embedder.EclipseLogger - skip non existing resourceDirectory C:\Users\Ben\eclipse-workspace\322_project\game-client-team-00\team-00\src\test\resources
2019-03-21 17:26:27,791 [Worker-228: Building workspace] WARN  o.e.m.c.i.embedder.EclipseLogger - Using platform encoding (Cp1252 actually) to copy filtered resources, i.e. build is platform dependent!
2019-03-21 17:26:28,967 [Worker-228: Building workspace] INFO  o.e.m.c.i.embedder.EclipseLogger - skip non existing resourceDirectory C:\Users\Ben\eclipse-workspace\322_project\game-client-team-00\team-00\src\main\resources
2019-03-21 17:26:28,998 [Worker-228: Building workspace] WARN  o.e.m.c.i.embedder.EclipseLogger - Using platform encoding (Cp1252 actually) to copy filtered resources, i.e. build is platform dependent!
2019-03-21 17:26:29,029 [Worker-228: Building workspace] INFO  o.e.m.c.i.embedder.EclipseLogger - skip non existing resourceDirectory C:\Users\Ben\eclipse-workspace\322_project\game-client-team-00\team-00\src\test\resources
2019-03-21 20:28:38,311 [Worker-230: Launching Amazons] WARN  o.e.m.c.i.embedder.EclipseLogger - Using platform encoding (Cp1252 actually) to copy filtered resources, i.e. build is platform dependent!
2019-03-21 20:28:38,623 [Worker-230: Launching Amazons] INFO  o.e.m.c.i.embedder.EclipseLogger - skip non existing resourceDirectory C:\Users\Ben\eclipse-workspace\322_project\game-client-team-00\team-00\src\main\resources
2019-03-21 20:28:38,670 [Worker-230: Launching Amazons] WARN  o.e.m.c.i.embedder.EclipseLogger - Using platform encoding (Cp1252 actually) to copy filtered resources, i.e. build is platform dependent!
2019-03-21 20:28:38,670 [Worker-230: Launching Amazons] INFO  o.e.m.c.i.embedder.EclipseLogger - skip non existing resourceDirectory C:\Users\Ben\eclipse-workspace\322_project\game-client-team-00\team-00\src\test\resources
